Using pre-set license
Built from '2020.3/staging' branch; Version is '2020.3.9f1 (108be757e447) revision 1084391'; Using compiler version '192528614'; Build Type 'Release'
OS: 'Windows 10 Home Single Language; OS build 19043.1237; Version 2009; 64bit' Language: 'en' Physical Memory: 16151 MB
BatchMode: 1, IsHumanControllingUs: 0, StartBugReporterOnCrash: 0, Is64bit: 1, IsPro: 0

 COMMAND LINE ARGUMENTS:
C:\Program Files\Unity\Hub\Editor\2020.3.9f1\Editor\Unity.exe
-adb2
-batchMode
-noUpm
-name
AssetImportWorker0
-projectPath
C:/Users/Dell/Desktop/last-breath/Last Breath
-logFile
Logs/AssetImportWorker0.log
-srvPort
50777
Successfully changed project path to: C:/Users/Dell/Desktop/last-breath/Last Breath
C:/Users/Dell/Desktop/last-breath/Last Breath
Using Asset Import Pipeline V2.
Refreshing native plugins compatible for Editor in 77.32 ms, found 2 plugins.
Preloading 0 native plugins for Editor in 0.00 ms.
Initialize engine version: 2020.3.9f1 (108be757e447)
[Subsystems] Discovering subsystems at path C:/Program Files/Unity/Hub/Editor/2020.3.9f1/Editor/Data/Resources/UnitySubsystems
[Subsystems] Discovering subsystems at path C:/Users/Dell/Desktop/last-breath/Last Breath/Assets
GfxDevice: creating device client; threaded=0
Direct3D:
    Version:  Direct3D 11.0 [level 11.1]
    Renderer: NVIDIA GeForce MX230 (ID=0x1d11)
    Vendor:   
    VRAM:     1984 MB
    Driver:   27.21.14.6231
Initialize mono
Mono path[0] = 'C:/Program Files/Unity/Hub/Editor/2020.3.9f1/Editor/Data/Managed'
Mono path[1] = 'C:/Program Files/Unity/Hub/Editor/2020.3.9f1/Editor/Data/MonoBleedingEdge/lib/mono/unityjit'
Mono config path = 'C:/Program Files/Unity/Hub/Editor/2020.3.9f1/Editor/Data/MonoBleedingEdge/etc'
Using monoOptions --debugger-agent=transport=dt_socket,embedding=1,server=y,suspend=n,address=127.0.0.1:56228
Begin MonoManager ReloadAssembly
Registering precompiled unity dll's ...
Register platform support module: C:/Program Files/Unity/Hub/Editor/2020.3.9f1/Editor/Data/PlaybackEngines/WindowsStandaloneSupport/UnityEditor.WindowsStandalone.Extensions.dll
Registered in 0.004998 seconds.
Native extension for WindowsStandalone target not found
Refreshing native plugins compatible for Editor in 70.23 ms, found 2 plugins.
Preloading 0 native plugins for Editor in 0.00 ms.
Mono: successfully reloaded assembly
- Completed reload, in  5.484 seconds
Platform modules already initialized, skipping
Registering precompiled user dll's ...
Registered in 0.010831 seconds.
Begin MonoManager ReloadAssembly
Native extension for WindowsStandalone target not found
Refreshing native plugins compatible for Editor in 1.18 ms, found 2 plugins.
Preloading 0 native plugins for Editor in 0.00 ms.
Mono: successfully reloaded assembly
- Completed reload, in  2.641 seconds
Platform modules already initialized, skipping
========================================================================
Worker process is ready to serve import requests
Launched and connected shader compiler UnityShaderCompiler.exe after 0.11 seconds
Refreshing native plugins compatible for Editor in 0.39 ms, found 2 plugins.
Preloading 0 native plugins for Editor in 0.00 ms.
Unloading 1398 Unused Serialized files (Serialized files now loaded: 0)
System memory in use before: 65.2 MB.
System memory in use after: 65.2 MB.

Unloading 19 unused Assets to reduce memory usage. Loaded Objects now: 1831.
Total: 3.906600 ms (FindLiveObjects: 0.164800 ms CreateObjectMapping: 0.058200 ms MarkObjects: 3.539000 ms  DeleteObjects: 0.142700 ms)

========================================================================
Received Import Request.
  path: Assets/New Terrain.asset
  artifactKey: Guid(fad5e8ff2cd6eb642830adfccd9d2603) Importer(815301076,1909f56bfc062723c751e8b465ee728b)
Start importing Assets/New Terrain.asset using Guid(fad5e8ff2cd6eb642830adfccd9d2603) Importer(815301076,1909f56bfc062723c751e8b465ee728b)  -> (artifact id: '8b29d435f5b4eebae0d717239f652901') in 0.090639 seconds
  Import took 0.095132 seconds .

========================================================================
Received Import Request.
  Time since last request: 0.000581 seconds.
  path: Assets/NewLayer.terrainlayer
  artifactKey: Guid(e4906cc75e1252d449ef005d82c03568) Importer(815301076,1909f56bfc062723c751e8b465ee728b)
Start importing Assets/NewLayer.terrainlayer using Guid(e4906cc75e1252d449ef005d82c03568) Importer(815301076,1909f56bfc062723c751e8b465ee728b)  -> (artifact id: '6a88515ebd18930437595eaaa2bccdc1') in 0.186183 seconds
  Import took 0.191795 seconds .

========================================================================
Received Import Request.
  Time since last request: 0.000638 seconds.
  path: Assets/New Terrain 1.asset
  artifactKey: Guid(282706a03580f6349bef34ec35e0d41c) Importer(815301076,1909f56bfc062723c751e8b465ee728b)
Start importing Assets/New Terrain 1.asset using Guid(282706a03580f6349bef34ec35e0d41c) Importer(815301076,1909f56bfc062723c751e8b465ee728b)  -> (artifact id: '109c8c2dd22897f855291f7bfb5a5323') in 0.042789 seconds
  Import took 0.047245 seconds .

========================================================================
Received Import Request.
  Time since last request: 0.000381 seconds.
  path: Assets/NewLayer 1.terrainlayer
  artifactKey: Guid(52b3da9a9d39e07478e8ded1be2790b7) Importer(815301076,1909f56bfc062723c751e8b465ee728b)
Start importing Assets/NewLayer 1.terrainlayer using Guid(52b3da9a9d39e07478e8ded1be2790b7) Importer(815301076,1909f56bfc062723c751e8b465ee728b)  -> (artifact id: '5e7eda71090a1ff3d555a7d3ee9a6506') in 0.039036 seconds
  Import took 0.044704 seconds .

========================================================================
Received Import Request.
  Time since last request: 0.000518 seconds.
  path: Assets/Scenes/SampleScene.unity
  artifactKey: Guid(9fc0d4010bbf28b4594072e72b8655ab) Importer(815301076,1909f56bfc062723c751e8b465ee728b)
Start importing Assets/Scenes/SampleScene.unity using Guid(9fc0d4010bbf28b4594072e72b8655ab) Importer(815301076,1909f56bfc062723c751e8b465ee728b)  -> (artifact id: '8971ce9896c76f6391deb484ac3eee86') in 0.007992 seconds
  Import took 0.012570 seconds .

========================================================================
Received Import Request.
  Time since last request: 8.519479 seconds.
  path: Assets/prooject.unity
  artifactKey: Guid(f4dff2965eb8d1f468b2451cda4f7e99) Importer(815301076,1909f56bfc062723c751e8b465ee728b)
Start importing Assets/prooject.unity using Guid(f4dff2965eb8d1f468b2451cda4f7e99) Importer(815301076,1909f56bfc062723c751e8b465ee728b)  -> (artifact id: 'c02365d5f4611371442baf1493035f2a') in 0.007400 seconds
  Import took 0.012541 seconds .

========================================================================
Received Import Request.
  Time since last request: 0.001824 seconds.
  path: Assets/prooject.unity
  artifactKey: Guid(f4dff2965eb8d1f468b2451cda4f7e99) Importer(815301076,1909f56bfc062723c751e8b465ee728b)
Start importing Assets/prooject.unity using Guid(f4dff2965eb8d1f468b2451cda4f7e99) Importer(815301076,1909f56bfc062723c751e8b465ee728b)  -> (artifact id: 'c02365d5f4611371442baf1493035f2a') in 0.004758 seconds
  Import took 0.008982 seconds .

AssetImportWorkerClient::OnTransportError - code=2 error=End of file
